D:\__E-DRIVE(DOCU)\LEARN\GRADE2-1\PROJECTS\PANORAMA\PANORAMA\DEBUG\BITMAP.OBJ
D:\__E-DRIVE(DOCU)\LEARN\GRADE2-1\PROJECTS\PANORAMA\PANORAMA\DEBUG\MAIN.OBJ
D:\__E-DRIVE(DOCU)\LEARN\GRADE2-1\PROJECTS\PANORAMA\PANORAMA\DEBUG\VC110.PDB
D:\__E-DRIVE(DOCU)\LEARN\GRADE2-1\PROJECTS\PANORAMA\DEBUG\PANORAMA.ILK
D:\__E-DRIVE(DOCU)\LEARN\GRADE2-1\PROJECTS\PANORAMA\DEBUG\PANORAMA.EXE
D:\__E-DRIVE(DOCU)\LEARN\GRADE2-1\PROJECTS\PANORAMA\DEBUG\PANORAMA.PDB
D:\__e-drive(docu)\learn\grade2-1\projects\Panorama\Panorama\Debug\bitmap.obj
D:\__e-drive(docu)\learn\grade2-1\projects\Panorama\Panorama\Debug\main.obj
D:\__e-drive(docu)\learn\grade2-1\projects\Panorama\Panorama\Debug\cl.command.1.tlog
D:\__e-drive(docu)\learn\grade2-1\projects\Panorama\Panorama\Debug\CL.read.1.tlog
D:\__e-drive(docu)\learn\grade2-1\projects\Panorama\Panorama\Debug\CL.write.1.tlog
D:\__e-drive(docu)\learn\grade2-1\projects\Panorama\Panorama\Debug\link-cvtres.read.1.tlog
D:\__e-drive(docu)\learn\grade2-1\projects\Panorama\Panorama\Debug\link-cvtres.write.1.tlog
D:\__e-drive(docu)\learn\grade2-1\projects\Panorama\Panorama\Debug\link-rc.read.1.tlog
D:\__e-drive(docu)\learn\grade2-1\projects\Panorama\Panorama\Debug\link-rc.write.1.tlog
D:\__e-drive(docu)\learn\grade2-1\projects\Panorama\Panorama\Debug\link.command.1.tlog
D:\__e-drive(docu)\learn\grade2-1\projects\Panorama\Panorama\Debug\link.read.1.tlog
D:\__e-drive(docu)\learn\grade2-1\projects\Panorama\Panorama\Debug\link.write.1.tlog
D:\__e-drive(docu)\learn\grade2-1\projects\Panorama\Panorama\Debug\vc110.idb
D:\__e-drive(docu)\learn\grade2-1\projects\Panorama\Panorama\Debug\vc110.pdb
D:\__e-drive(docu)\learn\grade2-1\projects\Panorama\Debug\Panorama.pdb
D:\__e-drive(docu)\learn\grade2-1\projects\Panorama\Debug\Panorama.exe
D:\__e-drive(docu)\learn\grade2-1\projects\Panorama\Debug\Panorama.ilk
